<?xml version="1.0" encoding="UTF-8"?>
<testng-results ignored="0" total="2" passed="2" failed="0" skipped="0">
  <reporter-output>
  </reporter-output>
  <suite started-at="2023-12-10T15:36:34 IST" name="Suite" finished-at="2023-12-10T15:37:02 IST" duration-ms="27254">
    <groups>
    </groups>
    <test started-at="2023-12-10T15:36:34 IST" name="Test" finished-at="2023-12-10T15:37:02 IST" duration-ms="27254">
      <class name="testcases.VerifyAddcustomer">
        <test-method is-config="true" signature="invokeBrowser()[pri:0, instance:testcases.VerifyAddcustomer@1506f20f]" started-at="2023-12-10T15:36:35 IST" name="invokeBrowser" finished-at="2023-12-10T15:36:42 IST" duration-ms="7236" status="PASS">
          <reporter-output>
          </reporter-output>
        </test-method> <!-- invokeBrowser -->
        <test-method signature="addcustomer(java.util.Map)[pri:0, instance:testcases.VerifyAddcustomer@1506f20f]" started-at="2023-12-10T15:36:42 IST" name="addcustomer" data-provider="exceldata" finished-at="2023-12-10T15:36:49 IST" duration-ms="6167" status="PASS">
          <params>
            <param index="0">
              <value>
                <![CDATA[{firstName=raju, lastName=venkat, emailAddress=raju@gmail.com, mobileNumber=123457, homeAddress=12, vivekandha street}]]>
              </value>
            </param>
          </params>
          <reporter-output>
          </reporter-output>
        </test-method> <!-- addcustomer -->
        <test-method is-config="true" signature="teardown()[pri:0, instance:testcases.VerifyAddcustomer@1506f20f]" started-at="2023-12-10T15:36:49 IST" name="teardown" finished-at="2023-12-10T15:36:49 IST" duration-ms="546" status="PASS">
          <reporter-output>
          </reporter-output>
        </test-method> <!-- teardown -->
        <test-method is-config="true" signature="invokeBrowser()[pri:0, instance:testcases.VerifyAddcustomer@1506f20f]" started-at="2023-12-10T15:36:49 IST" name="invokeBrowser" finished-at="2023-12-10T15:36:55 IST" duration-ms="5365" status="PASS">
          <reporter-output>
          </reporter-output>
        </test-method> <!-- invokeBrowser -->
        <test-method signature="addcustomer(java.util.Map)[pri:0, instance:testcases.VerifyAddcustomer@1506f20f]" started-at="2023-12-10T15:36:55 IST" name="addcustomer" data-provider="exceldata" finished-at="2023-12-10T15:37:01 IST" duration-ms="5997" status="PASS">
          <params>
            <param index="0">
              <value>
                <![CDATA[{firstName=somu, lastName=murugh, emailAddress=som@gmail.com, mobileNumber=45558, homeAddress=vellai}]]>
              </value>
            </param>
          </params>
          <reporter-output>
          </reporter-output>
        </test-method> <!-- addcustomer -->
        <test-method is-config="true" signature="teardown()[pri:0, instance:testcases.VerifyAddcustomer@1506f20f]" started-at="2023-12-10T15:37:01 IST" name="teardown" finished-at="2023-12-10T15:37:02 IST" duration-ms="548" status="PASS">
          <reporter-output>
          </reporter-output>
        </test-method> <!-- teardown -->
      </class> <!-- testcases.VerifyAddcustomer -->
    </test> <!-- Test -->
  </suite> <!-- Suite -->
</testng-results>
